iMPACT Version: H.41
iMPACT log file started on 2005/12/04 16:33:10
// *** BATCH CMD : setPreference -pref UserLevel:NOVICE
// *** BATCH CMD : setPreference -pref MessageLevel:DETAILED
// *** BATCH CMD : setPreference -pref ConcurrentMode:FALSE
// *** BATCH CMD : setPreference -pref UseHighz:FALSE
// *** BATCH CMD : setPreference -pref ConfigOnFailure:STOP
// *** BATCH CMD : setPreference -pref StartupCLock:AUTO_CORRECTION
// *** BATCH CMD : setPreference -pref AutoSignature:FALSE
// *** BATCH CMD : setPreference -pref KeepSVF:FALSE
// *** BATCH CMD : setPreference -pref svfUseTime:FALSE
// *** BATCH CMD : setPreference -pref UserLevel:NOVICE
// *** BATCH CMD : setPreference -pref MessageLevel:DETAILED
// *** BATCH CMD : setPreference -pref ConcurrentMode:FALSE
// *** BATCH CMD : setPreference -pref UseHighz:FALSE
// *** BATCH CMD : setPreference -pref ConfigOnFailure:STOP
// *** BATCH CMD : setPreference -pref StartupCLock:AUTO_CORRECTION
// *** BATCH CMD : setPreference -pref AutoSignature:FALSE
// *** BATCH CMD : setPreference -pref KeepSVF:FALSE
// *** BATCH CMD : setPreference -pref svfUseTime:FALSE
// *** BATCH CMD : setMode -bs
Loading cdf file c:\dev_zuofu\395_vgs\ise\xsa-50\gpu/GPU.ipf...
// *** BATCH CMD : setPreference -pref UserLevel:Novice
// *** BATCH CMD : setMode -pff
// *** BATCH CMD : addConfigDevice -size 0 -name "PFFConfigDevice" -path "C:\dev_zuofu\395_vgs\ise\xsa-50\gpu/"
// *** BATCH CMD : setAttribute -configdevice -attr size -value "0"
// *** BATCH CMD : setAttribute -configdevice -attr reseveSize -value "0"
// *** BATCH CMD : setSubmode -pffparallel
// *** BATCH CMD : setAttribute -configdevice -attr activeCollection -value "GPU"
// *** BATCH CMD : addCollection -name "GPU"
// *** BATCH CMD : addDesign -version 0 -name "0"
// *** BATCH CMD : addDeviceChain -index 0
// *** BATCH CMD : addDevice -position 1 -file "C:\dev_zuofu\395_vgs\ise\XSA-50\GPU\gpuchip.bit"
'1': Loading file 'C:\dev_zuofu\395_vgs\ise\XSA-50\GPU\gpuchip.bit' ...
INFO:iMPACT - Elapsed time =      0 sec.
done.
INFO:iMPACT:501 - '1': Added Device xc2s50 successfully.
----------------------------------------------------------------------
----------------------------------------------------------------------
// *** BATCH CMD : 
// *** BATCH CMD : addPromDevice -position 1 -size 128 -name "128k"
'1': Added Device 128k successfully.
----------------------------------------------------------------------
// *** BATCH CMD : setAttribute -configdevice -attr fileFormat -value "mcs"
// *** BATCH CMD : setAttribute -configdevice -attr swapBit -value "FALSE"
// *** BATCH CMD : setAttribute -configdevice -attr fillValue -value "FF"
// *** BATCH CMD : setAttribute -collection -attr dir -value "UP"
// *** BATCH CMD : setMode -mpm
// *** BATCH CMD : setMode -cf
// *** BATCH CMD : setMode -dtconfig
// *** BATCH CMD : setMode -bsfile
// *** BATCH CMD : setMode -sm
// *** BATCH CMD : setMode -ss
// *** BATCH CMD : setMode -bs
// *** BATCH CMD : setMode -pff
Finish loading cdf file c:\dev_zuofu\395_vgs\ise\xsa-50\gpu/GPU.ipf.
// *** BATCH CMD : setMode -bs
// *** BATCH CMD : setMode -ss
// *** BATCH CMD : setMode -sm
// *** BATCH CMD : setMode -bsfile
// *** BATCH CMD : setMode -dtconfig
// *** BATCH CMD : setMode -cf
GUI --- Read System ACE CF Mode...
// *** BATCH CMD : setMode -mpm
GUI --- Read System ACE MPM Mode...
// *** BATCH CMD : setMode -pff
GUI --- Read PROM Formatter Mode...
// *** BATCH CMD : setCurrentDeviceChain -index 0
// *** BATCH CMD : setMode -pff
*****   Closing iMPACT program.   *****
